[2016-03-24 15:32:05] main.DEBUG: cache_invalidate:  {"method":"GET","url":"http:/","invalidateInfo":{"tags":[],"mode":"all"},"is_exception":false} []
[2016-03-24 15:32:05] main.DEBUG: cache_invalidate:  {"method":"GET","url":"http:/","invalidateInfo":{"tags":[],"mode":"all"},"is_exception":false} []
[2016-03-24 15:43:55] main.DEBUG: cache_invalidate:  {"method":"GET","url":"http:/","invalidateInfo":{"tags":[],"mode":"all"},"is_exception":false} []
[2016-03-24 15:43:55] main.DEBUG: cache_invalidate:  {"method":"GET","url":"http:/","invalidateInfo":{"tags":[],"mode":"all"},"is_exception":false} []
[2016-03-24 15:44:01] main.DEBUG: cache_invalidate:  {"method":"GET","url":"http:/","invalidateInfo":{"tags":[],"mode":"all"},"is_exception":false} []
[2016-03-24 15:44:01] main.DEBUG: cache_invalidate:  {"method":"GET","url":"http:/","invalidateInfo":{"tags":[],"mode":"all"},"is_exception":false} []
[2016-03-24 15:44:03] main.DEBUG: cache_invalidate:  {"method":"GET","url":"http:/","invalidateInfo":{"tags":[],"mode":"all"},"is_exception":false} []
[2016-03-24 15:44:03] main.DEBUG: cache_invalidate:  {"method":"GET","url":"http:/","invalidateInfo":{"tags":[],"mode":"all"},"is_exception":false} []
[2016-03-25 12:43:23] main.DEBUG: cache_invalidate:  {"method":"POST","url":"http://mage2.my/admin/admin/index/index/key/35304f8787fd06d97aa518674784377b73c1f6c62104ff75bec6d0be70295e71/","invalidateInfo":{"tags":["BACKEND_MAINMENU"],"mode":"matchingAnyTag"},"is_exception":false} []
[2016-03-25 12:50:26] main.DEBUG: cache_invalidate:  {"method":"GET","url":"http:/","invalidateInfo":{"tags":[],"mode":"all"},"is_exception":false} []
[2016-03-25 12:50:26] main.DEBUG: cache_invalidate:  {"method":"GET","url":"http:/","invalidateInfo":{"tags":[],"mode":"all"},"is_exception":false} []
[2016-03-25 12:50:31] main.DEBUG: cache_invalidate:  {"method":"GET","url":"http:/","invalidateInfo":{"tags":[],"mode":"all"},"is_exception":false} []
[2016-03-25 12:50:31] main.DEBUG: cache_invalidate:  {"method":"GET","url":"http:/","invalidateInfo":{"tags":[],"mode":"all"},"is_exception":false} []
[2016-03-25 12:50:34] main.DEBUG: cache_invalidate:  {"method":"GET","url":"http:/","invalidateInfo":{"tags":[],"mode":"all"},"is_exception":false} []
[2016-03-25 12:50:34] main.DEBUG: cache_invalidate:  {"method":"GET","url":"http:/","invalidateInfo":{"tags":[],"mode":"all"},"is_exception":false} []
[2016-03-25 12:52:35] main.DEBUG: cache_invalidate:  {"method":"GET","url":"http:/","invalidateInfo":{"tags":[],"mode":"all"},"is_exception":false} []
[2016-03-25 12:52:35] main.DEBUG: cache_invalidate:  {"method":"GET","url":"http:/","invalidateInfo":{"tags":[],"mode":"all"},"is_exception":false} []
[2016-03-25 12:52:39] main.DEBUG: cache_invalidate:  {"method":"GET","url":"http:/","invalidateInfo":{"tags":[],"mode":"all"},"is_exception":false} []
[2016-03-25 12:52:39] main.DEBUG: cache_invalidate:  {"method":"GET","url":"http:/","invalidateInfo":{"tags":[],"mode":"all"},"is_exception":false} []
[2016-03-25 12:52:42] main.DEBUG: cache_invalidate:  {"method":"GET","url":"http:/","invalidateInfo":{"tags":[],"mode":"all"},"is_exception":false} []
[2016-03-25 12:52:42] main.DEBUG: cache_invalidate:  {"method":"GET","url":"http:/","invalidateInfo":{"tags":[],"mode":"all"},"is_exception":false} []
[2016-03-25 12:55:51] main.DEBUG: cache_invalidate:  {"method":"GET","url":"http:/","invalidateInfo":{"tags":[],"mode":"all"},"is_exception":false} []
[2016-03-25 12:55:51] main.DEBUG: cache_invalidate:  {"method":"GET","url":"http:/","invalidateInfo":{"tags":[],"mode":"all"},"is_exception":false} []
[2016-03-25 12:55:54] main.DEBUG: cache_invalidate:  {"method":"GET","url":"http:/","invalidateInfo":{"tags":[],"mode":"all"},"is_exception":false} []
[2016-03-25 12:55:54] main.DEBUG: cache_invalidate:  {"method":"GET","url":"http:/","invalidateInfo":{"tags":[],"mode":"all"},"is_exception":false} []
[2016-03-25 12:55:56] main.DEBUG: cache_invalidate:  {"method":"GET","url":"http:/","invalidateInfo":{"tags":[],"mode":"all"},"is_exception":false} []
[2016-03-25 12:55:56] main.DEBUG: cache_invalidate:  {"method":"GET","url":"http:/","invalidateInfo":{"tags":[],"mode":"all"},"is_exception":false} []
[2016-03-25 12:55:59] main.DEBUG: cache_invalidate:  {"method":"GET","url":"http:/","invalidateInfo":{"tags":[],"mode":"all"},"is_exception":false} []
[2016-03-25 12:55:59] main.DEBUG: cache_invalidate:  {"method":"GET","url":"http:/","invalidateInfo":{"tags":[],"mode":"all"},"is_exception":false} []
[2016-03-25 13:59:13] main.DEBUG: cache_invalidate:  {"method":"GET","url":"http:/","invalidateInfo":{"tags":[],"mode":"all"},"is_exception":false} []
[2016-03-25 13:59:13] main.DEBUG: cache_invalidate:  {"method":"GET","url":"http:/","invalidateInfo":{"tags":[],"mode":"all"},"is_exception":false} []
[2016-03-25 13:59:16] main.DEBUG: cache_invalidate:  {"method":"GET","url":"http:/","invalidateInfo":{"tags":[],"mode":"all"},"is_exception":false} []
[2016-03-25 13:59:16] main.DEBUG: cache_invalidate:  {"method":"GET","url":"http:/","invalidateInfo":{"tags":[],"mode":"all"},"is_exception":false} []
[2016-03-25 13:59:19] main.DEBUG: cache_invalidate:  {"method":"GET","url":"http:/","invalidateInfo":{"tags":[],"mode":"all"},"is_exception":false} []
[2016-03-25 13:59:19] main.DEBUG: cache_invalidate:  {"method":"GET","url":"http:/","invalidateInfo":{"tags":[],"mode":"all"},"is_exception":false} []
[2016-03-25 13:59:22] main.DEBUG: cache_invalidate:  {"method":"GET","url":"http:/","invalidateInfo":{"tags":[],"mode":"all"},"is_exception":false} []
[2016-03-25 13:59:22] main.DEBUG: cache_invalidate:  {"method":"GET","url":"http:/","invalidateInfo":{"tags":[],"mode":"all"},"is_exception":false} []
[2016-03-25 14:02:12] main.DEBUG: cache_invalidate:  {"method":"GET","url":"http:/","invalidateInfo":{"tags":[],"mode":"all"},"is_exception":false} []
[2016-03-25 14:02:12] main.DEBUG: cache_invalidate:  {"method":"GET","url":"http:/","invalidateInfo":{"tags":[],"mode":"all"},"is_exception":false} []
[2016-03-25 14:02:14] main.DEBUG: cache_invalidate:  {"method":"GET","url":"http:/","invalidateInfo":{"tags":[],"mode":"all"},"is_exception":false} []
[2016-03-25 14:02:14] main.DEBUG: cache_invalidate:  {"method":"GET","url":"http:/","invalidateInfo":{"tags":[],"mode":"all"},"is_exception":false} []
[2016-03-25 14:02:17] main.DEBUG: cache_invalidate:  {"method":"GET","url":"http:/","invalidateInfo":{"tags":[],"mode":"all"},"is_exception":false} []
[2016-03-25 14:02:17] main.DEBUG: cache_invalidate:  {"method":"GET","url":"http:/","invalidateInfo":{"tags":[],"mode":"all"},"is_exception":false} []
[2016-03-25 14:02:20] main.DEBUG: cache_invalidate:  {"method":"GET","url":"http:/","invalidateInfo":{"tags":[],"mode":"all"},"is_exception":false} []
[2016-03-25 14:02:20] main.DEBUG: cache_invalidate:  {"method":"GET","url":"http:/","invalidateInfo":{"tags":[],"mode":"all"},"is_exception":false} []
[2016-03-25 14:02:35] main.DEBUG: cache_invalidate:  {"method":"GET","url":"http:/","invalidateInfo":{"tags":["hello_test"],"mode":"matchingAnyTag"},"is_exception":false} []
[2016-03-25 14:02:35] main.DEBUG: cache_invalidate:  {"method":"GET","url":"http:/","invalidateInfo":{"tags":["hello_test"],"mode":"matchingAnyTag"},"is_exception":false} []
[2016-03-25 14:02:35] main.DEBUG: cache_invalidate:  {"method":"GET","url":"http:/","invalidateInfo":{"tags":["hello_test"],"mode":"matchingAnyTag"},"is_exception":false} []
[2016-03-25 14:07:46] main.DEBUG: cache_invalidate:  {"method":"POST","url":"http://mage2.my/admin/admin/index/index/key/6bd8c17c5196c31b1284637bc0f8e86d2462323dbebb212673e5ba70185e24a6/","invalidateInfo":{"tags":["BACKEND_MAINMENU"],"mode":"matchingAnyTag"},"is_exception":false} []
[2016-03-25 14:30:07] main.DEBUG: cache_invalidate:  {"method":"POST","url":"http://mage2.my/admin/admin/index/index/key/6bd8c17c5196c31b1284637bc0f8e86d2462323dbebb212673e5ba70185e24a6/","invalidateInfo":{"tags":["BACKEND_MAINMENU"],"mode":"matchingAnyTag"},"is_exception":false} []
[2016-03-25 14:52:25] main.DEBUG: cache_invalidate:  {"method":"GET","url":"http:/","invalidateInfo":{"tags":[],"mode":"all"},"is_exception":false} []
[2016-03-25 14:52:25] main.DEBUG: cache_invalidate:  {"method":"GET","url":"http:/","invalidateInfo":{"tags":[],"mode":"all"},"is_exception":false} []
[2016-03-25 14:52:28] main.DEBUG: cache_invalidate:  {"method":"GET","url":"http:/","invalidateInfo":{"tags":[],"mode":"all"},"is_exception":false} []
[2016-03-25 14:52:28] main.DEBUG: cache_invalidate:  {"method":"GET","url":"http:/","invalidateInfo":{"tags":[],"mode":"all"},"is_exception":false} []
[2016-03-25 14:52:30] main.DEBUG: cache_invalidate:  {"method":"GET","url":"http:/","invalidateInfo":{"tags":[],"mode":"all"},"is_exception":false} []
[2016-03-25 14:52:30] main.DEBUG: cache_invalidate:  {"method":"GET","url":"http:/","invalidateInfo":{"tags":[],"mode":"all"},"is_exception":false} []
[2016-03-25 14:52:33] main.DEBUG: cache_invalidate:  {"method":"GET","url":"http:/","invalidateInfo":{"tags":[],"mode":"all"},"is_exception":false} []
[2016-03-25 14:52:33] main.DEBUG: cache_invalidate:  {"method":"GET","url":"http:/","invalidateInfo":{"tags":[],"mode":"all"},"is_exception":false} []
[2016-03-25 14:55:09] main.DEBUG: cache_invalidate:  {"method":"POST","url":"http://mage2.my/admin/admin/index/index/key/6bd8c17c5196c31b1284637bc0f8e86d2462323dbebb212673e5ba70185e24a6/","invalidateInfo":{"tags":["BACKEND_MAINMENU"],"mode":"matchingAnyTag"},"is_exception":false} []
[2016-03-25 15:06:43] main.DEBUG: cache_invalidate:  {"method":"POST","url":"http://mage2.my/admin/hello/test/save/key/67ddd90cbd79c73eb44d274970eda894def581fd945eaa3f0ee9400c0cec239d/","invalidateInfo":{"tags":["hello_test"],"mode":"matchingAnyTag"},"is_exception":false} []
[2016-03-25 15:10:10] main.DEBUG: cache_invalidate:  {"method":"POST","url":"http://mage2.my/admin/hello/test/massDisable/key/fbcdd8d01cc5a840bc49b351a48ca2b1685e12dc4151fa9d6b86824c6c026233/","invalidateInfo":{"tags":["hello_test"],"mode":"matchingAnyTag"},"is_exception":false} []
[2016-03-25 15:10:10] main.DEBUG: cache_invalidate:  {"method":"POST","url":"http://mage2.my/admin/hello/test/massDisable/key/fbcdd8d01cc5a840bc49b351a48ca2b1685e12dc4151fa9d6b86824c6c026233/","invalidateInfo":{"tags":["hello_test"],"mode":"matchingAnyTag"},"is_exception":false} []
[2016-03-25 15:10:10] main.DEBUG: cache_invalidate:  {"method":"POST","url":"http://mage2.my/admin/hello/test/massDisable/key/fbcdd8d01cc5a840bc49b351a48ca2b1685e12dc4151fa9d6b86824c6c026233/","invalidateInfo":{"tags":["hello_test"],"mode":"matchingAnyTag"},"is_exception":false} []
[2016-03-25 15:10:27] main.DEBUG: cache_invalidate:  {"method":"POST","url":"http://mage2.my/admin/hello/test/massEnable/key/238eb63614bcffc0f5d98449ca1ff4601e00e28b5ed381878965e38dcbb991de/","invalidateInfo":{"tags":["hello_test"],"mode":"matchingAnyTag"},"is_exception":false} []
[2016-03-25 15:10:27] main.DEBUG: cache_invalidate:  {"method":"POST","url":"http://mage2.my/admin/hello/test/massEnable/key/238eb63614bcffc0f5d98449ca1ff4601e00e28b5ed381878965e38dcbb991de/","invalidateInfo":{"tags":["hello_test"],"mode":"matchingAnyTag"},"is_exception":false} []
[2016-03-25 15:10:27] main.DEBUG: cache_invalidate:  {"method":"POST","url":"http://mage2.my/admin/hello/test/massEnable/key/238eb63614bcffc0f5d98449ca1ff4601e00e28b5ed381878965e38dcbb991de/","invalidateInfo":{"tags":["hello_test"],"mode":"matchingAnyTag"},"is_exception":false} []
[2016-03-25 15:16:44] main.DEBUG: cache_invalidate:  {"method":"POST","url":"http://mage2.my/admin/hello/test/save/key/67ddd90cbd79c73eb44d274970eda894def581fd945eaa3f0ee9400c0cec239d/","invalidateInfo":{"tags":["hello_test"],"mode":"matchingAnyTag"},"is_exception":false} []
[2016-03-30 13:19:38] main.DEBUG: cache_invalidate:  {"method":"GET","url":"http:/","invalidateInfo":{"tags":[],"mode":"all"},"is_exception":false} []
[2016-03-30 13:19:38] main.DEBUG: cache_invalidate:  {"method":"GET","url":"http:/","invalidateInfo":{"tags":[],"mode":"all"},"is_exception":false} []
[2016-03-30 13:19:41] main.DEBUG: cache_invalidate:  {"method":"GET","url":"http:/","invalidateInfo":{"tags":[],"mode":"all"},"is_exception":false} []
[2016-03-30 13:19:41] main.DEBUG: cache_invalidate:  {"method":"GET","url":"http:/","invalidateInfo":{"tags":[],"mode":"all"},"is_exception":false} []
[2016-03-30 13:19:44] main.DEBUG: cache_invalidate:  {"method":"GET","url":"http:/","invalidateInfo":{"tags":[],"mode":"all"},"is_exception":false} []
[2016-03-30 13:19:44] main.DEBUG: cache_invalidate:  {"method":"GET","url":"http:/","invalidateInfo":{"tags":[],"mode":"all"},"is_exception":false} []
[2016-03-30 13:19:47] main.DEBUG: cache_invalidate:  {"method":"GET","url":"http:/","invalidateInfo":{"tags":[],"mode":"all"},"is_exception":false} []
[2016-03-30 13:19:47] main.DEBUG: cache_invalidate:  {"method":"GET","url":"http:/","invalidateInfo":{"tags":[],"mode":"all"},"is_exception":false} []
